2026-02-19 18:57:36,448 [INFO] [MainThread] [root/log.py:95]: YASB v1.8.9
2026-02-19 18:57:36,448 [INFO] [CLIPipeServer] [cli_server/cli_server.py:215]: CLI server started v1.1.5
2026-02-19 18:57:36,448 [INFO] [MainThread] [cli_server/cli_server.py:106]: Log pipe server started
2026-02-19 18:57:36,463 [DEBUG] [MainThread] [qasync._windows._EventPoller/_windows.py:215]: Starting (proactor: <_IocpProactor overlapped#=0 result#=0>)...
2026-02-19 18:57:36,464 [DEBUG] [Dummy-3] [qasync._windows._EventWorker/_windows.py:195]: Thread started
2026-02-19 18:57:36,888 [INFO] [MainThread] [root/service.py:41]: AudioInputService starting...
2026-02-19 18:57:36,928 [INFO] [MainThread] [root/service.py:52]: AudioOutputService starting...
2026-02-19 18:57:37,116 [INFO] [MainThread] [root/bar_manager.py:88]: Starting WindowsNotificationEventListener...
2026-02-19 18:57:37,117 [INFO] [MainThread] [root/bar_manager.py:88]: Starting KomorebiEventListener...
2026-02-19 18:57:37,117 [INFO] [MainThread] [root/bar_manager.py:88]: Starting SystemEventListener...
2026-02-19 18:57:37,118 [INFO] [MainThread] [root/watcher.py:65]: Watching directory: c:\users\vcard\.config\yasb
2026-02-19 18:57:37,118 [INFO] [MainThread] [root/watcher.py:104]: Created file watcher
2026-02-19 18:57:37,297 [INFO] [Dummy-8] [root/event_listener.py:51]: Created named pipe yasb-79a6b36f-0dbc-11f1-a507-cc5ef85a4698
2026-02-19 18:57:37,331 [INFO] [MainThread] [root/update_service.py:429]: Background update checker started
2026-02-19 18:57:37,470 [INFO] [Dummy-8] [root/event_listener.py:125]: Komorebi connected to named pipe: yasb-79a6b36f-0dbc-11f1-a507-cc5ef85a4698
2026-02-19 18:57:37,544 [INFO] [MainThread] [root/api.py:69]: Fetching new weather data at 2026-02-19 18:57:37.544426
2026-02-19 18:57:43,292 [WARNING] [Dummy-8] [root/event_listener.py:82]: Pipe has been ended: (109, 'PeekNamedPipe', 'The pipe has been ended.')
2026-02-19 18:57:43,292 [INFO] [Dummy-8] [root/event_listener.py:92]: Attempting to reconnect to Komorebi...
2026-02-19 18:57:46,297 [INFO] [Dummy-8] [root/event_listener.py:51]: Created named pipe yasb-79a6b36f-0dbc-11f1-a507-cc5ef85a4698
2026-02-19 18:57:46,365 [INFO] [Dummy-8] [root/event_listener.py:125]: Komorebi connected to named pipe: yasb-79a6b36f-0dbc-11f1-a507-cc5ef85a4698
2026-02-19 18:57:51,164 [WARNING] [Dummy-8] [root/event_listener.py:82]: Pipe has been ended: (109, 'PeekNamedPipe', 'The pipe has been ended.')
2026-02-19 18:57:51,164 [INFO] [Dummy-8] [root/event_listener.py:92]: Attempting to reconnect to Komorebi...
2026-02-19 18:57:54,170 [INFO] [Dummy-8] [root/event_listener.py:51]: Created named pipe yasb-79a6b36f-0dbc-11f1-a507-cc5ef85a4698
2026-02-19 18:57:54,238 [INFO] [Dummy-8] [root/event_listener.py:125]: Komorebi connected to named pipe: yasb-79a6b36f-0dbc-11f1-a507-cc5ef85a4698
2026-02-19 19:07:36,917 [INFO] [MainThread] [root/api.py:69]: Fetching new weather data at 2026-02-19 19:07:36.917033
2026-02-19 19:15:58,667 [DEBUG] [Thread-6] [root/watcher.py:84]: Stylesheet modified: c:\users\vcard\.config\yasb\styles.css
2026-02-19 19:17:36,921 [INFO] [MainThread] [root/api.py:69]: Fetching new weather data at 2026-02-19 19:17:36.921740
2026-02-19 19:27:36,921 [INFO] [MainThread] [root/api.py:69]: Fetching new weather data at 2026-02-19 19:27:36.921158
2026-02-19 19:34:33,136 [INFO] [MainThread] [root/bar_manager.py:104]: Stopping WindowsNotificationEventListener...
2026-02-19 19:34:33,137 [INFO] [MainThread] [root/bar_manager.py:104]: Stopping KomorebiEventListener...
2026-02-19 19:34:33,137 [INFO] [MainThread] [root/bar_manager.py:104]: Stopping SystemEventListener...
2026-02-19 19:34:33,153 [INFO] [Dummy-8] [root/event_listener.py:92]: Attempting to reconnect to Komorebi...
2026-02-19 19:36:20,793 [INFO] [MainThread] [root/log.py:95]: YASB v1.8.9
2026-02-19 19:36:20,793 [INFO] [CLIPipeServer] [cli_server/cli_server.py:215]: CLI server started v1.1.5
2026-02-19 19:36:20,794 [INFO] [MainThread] [cli_server/cli_server.py:106]: Log pipe server started
2026-02-19 19:36:20,867 [DEBUG] [MainThread] [qasync._windows._EventPoller/_windows.py:215]: Starting (proactor: <_IocpProactor overlapped#=0 result#=0>)...
2026-02-19 19:36:20,868 [DEBUG] [Dummy-3] [qasync._windows._EventWorker/_windows.py:195]: Thread started
2026-02-19 19:36:21,544 [INFO] [MainThread] [root/service.py:41]: AudioInputService starting...
2026-02-19 19:36:21,596 [INFO] [MainThread] [root/service.py:52]: AudioOutputService starting...
2026-02-19 19:36:21,760 [INFO] [MainThread] [root/bar_manager.py:88]: Starting WindowsNotificationEventListener...
2026-02-19 19:36:21,761 [INFO] [MainThread] [root/bar_manager.py:88]: Starting SystemEventListener...
2026-02-19 19:36:21,761 [INFO] [MainThread] [root/bar_manager.py:88]: Starting KomorebiEventListener...
2026-02-19 19:36:21,762 [INFO] [MainThread] [root/watcher.py:65]: Watching directory: c:\users\vcard\.config\yasb
2026-02-19 19:36:21,762 [INFO] [MainThread] [root/watcher.py:104]: Created file watcher
2026-02-19 19:36:22,049 [INFO] [Dummy-8] [root/event_listener.py:51]: Created named pipe yasb-e33f3857-0dc1-11f1-81f4-cc5ef85a4698
2026-02-19 19:36:22,065 [INFO] [MainThread] [root/update_service.py:429]: Background update checker started
2026-02-19 19:36:22,244 [INFO] [MainThread] [root/api.py:69]: Fetching new weather data at 2026-02-19 19:36:22.244134
2026-02-19 19:36:47,505 [INFO] [Dummy-8] [root/event_listener.py:125]: Komorebi connected to named pipe: yasb-e33f3857-0dc1-11f1-81f4-cc5ef85a4698
2026-02-19 19:46:21,554 [INFO] [MainThread] [root/api.py:69]: Fetching new weather data at 2026-02-19 19:46:21.554876
2026-02-19 19:56:21,553 [INFO] [MainThread] [root/api.py:69]: Fetching new weather data at 2026-02-19 19:56:21.553250
2026-02-19 19:56:26,814 [WARNING] [Dummy-8] [root/event_listener.py:82]: Pipe has been ended: (109, 'PeekNamedPipe', 'The pipe has been ended.')
2026-02-19 19:56:26,815 [INFO] [Dummy-8] [root/event_listener.py:92]: Attempting to reconnect to Komorebi...
2026-02-19 19:56:29,815 [INFO] [Dummy-8] [root/event_listener.py:51]: Created named pipe yasb-e33f3857-0dc1-11f1-81f4-cc5ef85a4698
2026-02-19 19:59:57,024 [INFO] [Dummy-8] [root/event_listener.py:125]: Komorebi connected to named pipe: yasb-e33f3857-0dc1-11f1-81f4-cc5ef85a4698
2026-02-19 20:02:25,543 [WARNING] [Dummy-8] [root/event_listener.py:82]: Pipe has been ended: (109, 'PeekNamedPipe', 'The pipe has been ended.')
2026-02-19 20:02:25,544 [INFO] [Dummy-8] [root/event_listener.py:92]: Attempting to reconnect to Komorebi...
2026-02-19 20:02:28,544 [INFO] [Dummy-8] [root/event_listener.py:51]: Created named pipe yasb-e33f3857-0dc1-11f1-81f4-cc5ef85a4698
2026-02-19 20:05:48,597 [INFO] [MainThread] [root/bar_manager.py:104]: Stopping WindowsNotificationEventListener...
2026-02-19 20:05:48,597 [INFO] [MainThread] [root/bar_manager.py:104]: Stopping SystemEventListener...
2026-02-19 20:05:48,598 [INFO] [MainThread] [root/bar_manager.py:104]: Stopping KomorebiEventListener...
2026-02-19 20:07:32,469 [INFO] [MainThread] [root/log.py:95]: YASB v1.8.9
2026-02-19 20:07:32,469 [INFO] [CLIPipeServer] [cli_server/cli_server.py:215]: CLI server started v1.1.5
2026-02-19 20:07:32,469 [INFO] [MainThread] [cli_server/cli_server.py:106]: Log pipe server started
2026-02-19 20:07:32,541 [DEBUG] [MainThread] [qasync._windows._EventPoller/_windows.py:215]: Starting (proactor: <_IocpProactor overlapped#=0 result#=0>)...
2026-02-19 20:07:32,542 [DEBUG] [Dummy-3] [qasync._windows._EventWorker/_windows.py:195]: Thread started
2026-02-19 20:07:33,133 [INFO] [MainThread] [root/service.py:41]: AudioInputService starting...
2026-02-19 20:07:33,176 [INFO] [MainThread] [root/service.py:52]: AudioOutputService starting...
2026-02-19 20:07:33,302 [INFO] [MainThread] [root/bar_manager.py:88]: Starting WindowsNotificationEventListener...
2026-02-19 20:07:33,302 [INFO] [MainThread] [root/bar_manager.py:88]: Starting KomorebiEventListener...
2026-02-19 20:07:33,303 [INFO] [MainThread] [root/bar_manager.py:88]: Starting SystemEventListener...
2026-02-19 20:07:33,304 [INFO] [MainThread] [root/watcher.py:65]: Watching directory: c:\users\vcard\.config\yasb
2026-02-19 20:07:33,304 [INFO] [MainThread] [root/watcher.py:104]: Created file watcher
2026-02-19 20:07:33,523 [INFO] [Dummy-8] [root/event_listener.py:51]: Created named pipe yasb-3ec5c64a-0dc6-11f1-a42a-cc5ef85a4698
2026-02-19 20:07:33,542 [INFO] [MainThread] [root/update_service.py:429]: Background update checker started
2026-02-19 20:07:33,760 [INFO] [MainThread] [root/api.py:69]: Fetching new weather data at 2026-02-19 20:07:33.760948
2026-02-19 20:15:55,286 [INFO] [MainThread] [root/bar_manager.py:104]: Stopping WindowsNotificationEventListener...
2026-02-19 20:15:55,287 [INFO] [MainThread] [root/bar_manager.py:104]: Stopping KomorebiEventListener...
2026-02-19 20:15:55,287 [INFO] [MainThread] [root/bar_manager.py:104]: Stopping SystemEventListener...
2026-02-19 20:17:51,945 [INFO] [MainThread] [root/log.py:95]: YASB v1.8.9
2026-02-19 20:17:51,945 [INFO] [CLIPipeServer] [cli_server/cli_server.py:215]: CLI server started v1.1.5
2026-02-19 20:17:51,945 [INFO] [MainThread] [cli_server/cli_server.py:106]: Log pipe server started
2026-02-19 20:17:52,022 [DEBUG] [MainThread] [qasync._windows._EventPoller/_windows.py:215]: Starting (proactor: <_IocpProactor overlapped#=0 result#=0>)...
2026-02-19 20:17:52,023 [DEBUG] [Dummy-3] [qasync._windows._EventWorker/_windows.py:195]: Thread started
2026-02-19 20:17:52,626 [INFO] [MainThread] [root/service.py:41]: AudioInputService starting...
2026-02-19 20:17:52,675 [INFO] [MainThread] [root/service.py:52]: AudioOutputService starting...
2026-02-19 20:17:52,822 [INFO] [MainThread] [root/bar_manager.py:88]: Starting SystemEventListener...
2026-02-19 20:17:52,822 [INFO] [MainThread] [root/bar_manager.py:88]: Starting WindowsNotificationEventListener...
2026-02-19 20:17:52,823 [INFO] [MainThread] [root/bar_manager.py:88]: Starting KomorebiEventListener...
2026-02-19 20:17:52,824 [INFO] [MainThread] [root/watcher.py:65]: Watching directory: c:\users\vcard\.config\yasb
2026-02-19 20:17:52,824 [INFO] [MainThread] [root/watcher.py:104]: Created file watcher
2026-02-19 20:17:53,045 [INFO] [Dummy-8] [root/event_listener.py:51]: Created named pipe yasb-b00918f7-0dc7-11f1-8848-cc5ef85a4698
2026-02-19 20:17:53,073 [INFO] [MainThread] [root/update_service.py:429]: Background update checker started
2026-02-19 20:17:53,324 [INFO] [MainThread] [root/api.py:69]: Fetching new weather data at 2026-02-19 20:17:53.324464
2026-02-19 20:21:40,482 [DEBUG] [Thread-6] [root/watcher.py:90]: Config file modified: c:\users\vcard\.config\yasb\config.yaml
2026-02-19 20:22:39,659 [DEBUG] [Thread-6] [root/watcher.py:90]: Config file modified: c:\users\vcard\.config\yasb\config.yaml
2026-02-19 20:22:39,681 [INFO] [MainThread] [root/controller.py:15]: Reloading Application because of config change.
2026-02-19 20:22:39,792 [INFO] [MainThread] [cli_server/cli_server.py:114]: Log pipe server stopped
2026-02-19 20:22:39,792 [DEBUG] [MainThread] [cli_server/cli_server.py:209]: CLI server stopped
2026-02-19 20:22:39,796 [INFO] [MainThread] [root/bar_manager.py:79]: Successfully loaded updated config and re-initialised all bars.
2026-02-19 20:22:39,951 [INFO] [MainThread] [root/bar_manager.py:104]: Stopping SystemEventListener...
2026-02-19 20:22:39,951 [INFO] [MainThread] [root/bar_manager.py:104]: Stopping WindowsNotificationEventListener...
2026-02-19 20:22:39,951 [INFO] [MainThread] [root/bar_manager.py:104]: Stopping KomorebiEventListener...
2026-02-19 20:22:40,210 [INFO] [MainThread] [root/log.py:95]: YASB v1.8.9
2026-02-19 20:22:40,211 [INFO] [CLIPipeServer] [cli_server/cli_server.py:215]: CLI server started v1.1.5
2026-02-19 20:22:40,211 [INFO] [MainThread] [cli_server/cli_server.py:106]: Log pipe server started
2026-02-19 20:22:40,275 [DEBUG] [MainThread] [qasync._windows._EventPoller/_windows.py:215]: Starting (proactor: <_IocpProactor overlapped#=0 result#=0>)...
2026-02-19 20:22:40,276 [DEBUG] [Dummy-3] [qasync._windows._EventWorker/_windows.py:195]: Thread started
2026-02-19 20:22:40,697 [INFO] [MainThread] [root/service.py:41]: AudioInputService starting...
2026-02-19 20:22:40,737 [INFO] [MainThread] [root/service.py:52]: AudioOutputService starting...
2026-02-19 20:22:40,903 [INFO] [MainThread] [root/bar_manager.py:88]: Starting WindowsNotificationEventListener...
2026-02-19 20:22:40,904 [INFO] [MainThread] [root/bar_manager.py:88]: Starting KomorebiEventListener...
2026-02-19 20:22:40,904 [INFO] [MainThread] [root/bar_manager.py:88]: Starting SystemEventListener...
2026-02-19 20:22:40,904 [INFO] [MainThread] [root/watcher.py:65]: Watching directory: c:\users\vcard\.config\yasb
2026-02-19 20:22:40,905 [INFO] [MainThread] [root/watcher.py:104]: Created file watcher
2026-02-19 20:22:41,140 [INFO] [Dummy-8] [root/event_listener.py:51]: Created named pipe yasb-5bbeb93f-0dc8-11f1-9042-cc5ef85a4698
2026-02-19 20:22:41,164 [INFO] [MainThread] [root/update_service.py:429]: Background update checker started
2026-02-19 20:22:41,329 [INFO] [MainThread] [root/api.py:69]: Fetching new weather data at 2026-02-19 20:22:41.329209
2026-02-19 20:23:01,225 [DEBUG] [Thread-6] [root/watcher.py:90]: Config file modified: c:\users\vcard\.config\yasb\config.yaml
2026-02-19 20:23:01,240 [INFO] [MainThread] [root/controller.py:15]: Reloading Application because of config change.
2026-02-19 20:23:01,348 [INFO] [MainThread] [cli_server/cli_server.py:114]: Log pipe server stopped
2026-02-19 20:23:01,348 [DEBUG] [MainThread] [cli_server/cli_server.py:209]: CLI server stopped
2026-02-19 20:23:01,351 [INFO] [MainThread] [root/bar_manager.py:79]: Successfully loaded updated config and re-initialised all bars.
2026-02-19 20:23:01,482 [INFO] [MainThread] [root/bar_manager.py:104]: Stopping WindowsNotificationEventListener...
2026-02-19 20:23:01,482 [INFO] [MainThread] [root/bar_manager.py:104]: Stopping KomorebiEventListener...
2026-02-19 20:23:01,482 [INFO] [MainThread] [root/bar_manager.py:104]: Stopping SystemEventListener...
2026-02-19 20:23:01,701 [INFO] [MainThread] [root/log.py:95]: YASB v1.8.9
2026-02-19 20:23:01,702 [INFO] [CLIPipeServer] [cli_server/cli_server.py:215]: CLI server started v1.1.5
2026-02-19 20:23:01,702 [INFO] [MainThread] [cli_server/cli_server.py:106]: Log pipe server started
2026-02-19 20:23:01,702 [INFO] [MainThread] [root/main.py:46]: Waiting for previous YASB instance to exit...
2026-02-19 20:23:01,953 [INFO] [MainThread] [root/main.py:72]: Previous instance exited, continuing startup.
2026-02-19 20:23:01,967 [DEBUG] [MainThread] [qasync._windows._EventPoller/_windows.py:215]: Starting (proactor: <_IocpProactor overlapped#=0 result#=0>)...
2026-02-19 20:23:01,967 [DEBUG] [Dummy-3] [qasync._windows._EventWorker/_windows.py:195]: Thread started
2026-02-19 20:23:02,375 [INFO] [MainThread] [root/service.py:41]: AudioInputService starting...
2026-02-19 20:23:02,415 [INFO] [MainThread] [root/service.py:52]: AudioOutputService starting...
2026-02-19 20:23:02,575 [INFO] [MainThread] [root/bar_manager.py:88]: Starting WindowsNotificationEventListener...
2026-02-19 20:23:02,576 [INFO] [MainThread] [root/bar_manager.py:88]: Starting SystemEventListener...
2026-02-19 20:23:02,576 [INFO] [MainThread] [root/bar_manager.py:88]: Starting KomorebiEventListener...
2026-02-19 20:23:02,577 [INFO] [MainThread] [root/watcher.py:65]: Watching directory: c:\users\vcard\.config\yasb
2026-02-19 20:23:02,577 [INFO] [MainThread] [root/watcher.py:104]: Created file watcher
2026-02-19 20:23:02,634 [INFO] [Dummy-8] [root/event_listener.py:51]: Created named pipe yasb-68a9a649-0dc8-11f1-ac39-cc5ef85a4698
2026-02-19 20:23:02,653 [INFO] [MainThread] [root/update_service.py:429]: Background update checker started
2026-02-19 20:23:02,891 [INFO] [MainThread] [root/api.py:69]: Fetching new weather data at 2026-02-19 20:23:02.891482
2026-02-19 20:23:52,873 [DEBUG] [Thread-6] [root/watcher.py:90]: Config file modified: c:\users\vcard\.config\yasb\config.yaml
2026-02-19 20:23:52,874 [ERROR] [MainThread] [root/bar_manager.py:67]: Error loading config: while scanning a double-quoted scalar
  in "C:\Users\vcard\.config\yasb\config.yaml", line 8, column 18
expected escape sequence of 8 hexadecimal numbers, but found 's'
  in "C:\Users\vcard\.config\yasb\config.yaml", line 8, column 55
2026-02-19 20:23:56,019 [DEBUG] [Thread-6] [root/watcher.py:90]: Config file modified: c:\users\vcard\.config\yasb\config.yaml
2026-02-19 20:23:56,020 [ERROR] [MainThread] [root/bar_manager.py:67]: Error loading config: while scanning a double-quoted scalar
  in "C:\Users\vcard\.config\yasb\config.yaml", line 8, column 18
expected escape sequence of 8 hexadecimal numbers, but found 's'
  in "C:\Users\vcard\.config\yasb\config.yaml", line 8, column 55
2026-02-19 20:24:11,835 [DEBUG] [Thread-6] [root/watcher.py:90]: Config file modified: c:\users\vcard\.config\yasb\config.yaml
2026-02-19 20:24:11,836 [ERROR] [MainThread] [root/bar_manager.py:67]: Error loading config: while scanning a double-quoted scalar
  in "C:\Users\vcard\.config\yasb\config.yaml", line 8, column 18
expected escape sequence of 8 hexadecimal numbers, but found 's'
  in "C:\Users\vcard\.config\yasb\config.yaml", line 8, column 49
2026-02-19 20:24:48,833 [INFO] [Dummy-8] [root/event_listener.py:125]: Komorebi connected to named pipe: yasb-68a9a649-0dc8-11f1-ac39-cc5ef85a4698
2026-02-19 20:25:10,415 [INFO] [MainThread] [root/controller.py:15]: Reloading Application from tray...
2026-02-19 20:25:10,524 [INFO] [MainThread] [cli_server/cli_server.py:114]: Log pipe server stopped
2026-02-19 20:25:10,524 [DEBUG] [MainThread] [cli_server/cli_server.py:209]: CLI server stopped
2026-02-19 20:25:10,855 [INFO] [MainThread] [root/bar_manager.py:104]: Stopping WindowsNotificationEventListener...
2026-02-19 20:25:10,855 [INFO] [MainThread] [root/bar_manager.py:104]: Stopping SystemEventListener...
2026-02-19 20:25:10,856 [INFO] [MainThread] [root/bar_manager.py:104]: Stopping KomorebiEventListener...
2026-02-19 20:25:10,892 [INFO] [MainThread] [root/log.py:95]: YASB v1.8.9
2026-02-19 20:25:10,892 [INFO] [CLIPipeServer] [cli_server/cli_server.py:215]: CLI server started v1.1.5
2026-02-19 20:25:10,892 [INFO] [MainThread] [cli_server/cli_server.py:106]: Log pipe server started
2026-02-19 20:25:10,892 [INFO] [MainThread] [root/main.py:46]: Waiting for previous YASB instance to exit...
2026-02-19 20:25:11,143 [INFO] [MainThread] [root/main.py:72]: Previous instance exited, continuing startup.
2026-02-19 20:25:11,158 [DEBUG] [MainThread] [qasync._windows._EventPoller/_windows.py:215]: Starting (proactor: <_IocpProactor overlapped#=0 result#=0>)...
2026-02-19 20:25:11,158 [DEBUG] [Dummy-3] [qasync._windows._EventWorker/_windows.py:195]: Thread started
2026-02-19 20:25:11,161 [DEBUG] [MainThread] [qasync._windows._EventPoller/_windows.py:220]: Stopping worker thread...
2026-02-19 20:25:11,181 [DEBUG] [Dummy-3] [qasync._windows._EventWorker/_windows.py:204]: Exiting thread
2026-02-19 20:25:11,182 [DEBUG] [MainThread] [qasync._windows._EventPoller/_windows.py:215]: Starting (proactor: <_IocpProactor overlapped#=0 result#=0>)...
2026-02-19 20:25:11,182 [DEBUG] [Dummy-4] [qasync._windows._EventWorker/_windows.py:195]: Thread started
2026-02-19 20:25:11,183 [DEBUG] [MainThread] [qasync._windows._EventPoller/_windows.py:220]: Stopping worker thread...
2026-02-19 20:25:11,197 [DEBUG] [Dummy-4] [qasync._windows._EventWorker/_windows.py:204]: Exiting thread
2026-02-19 20:25:11,198 [DEBUG] [MainThread] [qasync._windows._EventPoller/_windows.py:215]: Starting (proactor: <_IocpProactor overlapped#=0 result#=0>)...
2026-02-19 20:25:11,198 [DEBUG] [Dummy-5] [qasync._windows._EventWorker/_windows.py:195]: Thread started
2026-02-19 20:25:11,198 [DEBUG] [MainThread] [qasync._windows._EventPoller/_windows.py:220]: Stopping worker thread...
2026-02-19 20:25:11,213 [DEBUG] [Dummy-5] [qasync._windows._EventWorker/_windows.py:204]: Exiting thread
2026-02-19 20:25:11,213 [DEBUG] [MainThread] [qasync._windows._IocpProactor/_windows.py:78]: Closing
2026-02-19 20:25:11,214 [ERROR] [MainThread] [root/main.py:181]: Exception during application startup
Traceback (most recent call last):
  File "main.py", line 179, in <module>
  File "main.py", line 92, in main
  File "C:\hostedtoolcache\windows\Python\3.14.2\x64\Lib\asyncio\runners.py", line 204, in run
  File "C:\hostedtoolcache\windows\Python\3.14.2\x64\Lib\asyncio\runners.py", line 127, in run
  File "D:\a\yasb\yasb\venv\Lib\site-packages\qasync\__init__.py", line 438, in run_until_complete
  File "main.py", line 115, in main_async
  File "D:\a\yasb\yasb\src\core\config.py", line 164, in get_config_and_stylesheet
  File "D:\a\yasb\yasb\src\core\config.py", line 104, in get_config
  File "D:\a\yasb\yasb\venv\Lib\site-packages\yaml\__init__.py", line 125, in safe_load
  File "D:\a\yasb\yasb\venv\Lib\site-packages\yaml\__init__.py", line 81, in load
  File "D:\a\yasb\yasb\venv\Lib\site-packages\yaml\constructor.py", line 49, in get_single_data
  File "D:\a\yasb\yasb\venv\Lib\site-packages\yaml\composer.py", line 36, in get_single_node
  File "D:\a\yasb\yasb\venv\Lib\site-packages\yaml\composer.py", line 55, in compose_document
  File "D:\a\yasb\yasb\venv\Lib\site-packages\yaml\composer.py", line 84, in compose_node
  File "D:\a\yasb\yasb\venv\Lib\site-packages\yaml\composer.py", line 133, in compose_mapping_node
  File "D:\a\yasb\yasb\venv\Lib\site-packages\yaml\composer.py", line 84, in compose_node
  File "D:\a\yasb\yasb\venv\Lib\site-packages\yaml\composer.py", line 133, in compose_mapping_node
  File "D:\a\yasb\yasb\venv\Lib\site-packages\yaml\composer.py", line 64, in compose_node
  File "D:\a\yasb\yasb\venv\Lib\site-packages\yaml\parser.py", line 98, in check_event
  File "D:\a\yasb\yasb\venv\Lib\site-packages\yaml\parser.py", line 449, in parse_block_mapping_value
  File "D:\a\yasb\yasb\venv\Lib\site-packages\yaml\scanner.py", line 116, in check_token
  File "D:\a\yasb\yasb\venv\Lib\site-packages\yaml\scanner.py", line 251, in fetch_more_tokens
  File "D:\a\yasb\yasb\venv\Lib\site-packages\yaml\scanner.py", line 655, in fetch_double
  File "D:\a\yasb\yasb\venv\Lib\site-packages\yaml\scanner.py", line 666, in fetch_flow_scalar
  File "D:\a\yasb\yasb\venv\Lib\site-packages\yaml\scanner.py", line 1152, in scan_flow_scalar
  File "D:\a\yasb\yasb\venv\Lib\site-packages\yaml\scanner.py", line 1213, in scan_flow_scalar_non_spaces
yaml.scanner.ScannerError: while scanning a double-quoted scalar
  in "C:\Users\vcard\.config\yasb\config.yaml", line 8, column 18
expected escape sequence of 8 hexadecimal numbers, but found 's'
  in "C:\Users\vcard\.config\yasb\config.yaml", line 8, column 49
2026-02-19 20:25:24,310 [INFO] [MainThread] [root/log.py:95]: YASB v1.8.9
2026-02-19 20:25:24,311 [INFO] [CLIPipeServer] [cli_server/cli_server.py:215]: CLI server started v1.1.5
2026-02-19 20:25:24,311 [INFO] [MainThread] [cli_server/cli_server.py:106]: Log pipe server started
2026-02-19 20:25:24,325 [DEBUG] [MainThread] [qasync._windows._EventPoller/_windows.py:215]: Starting (proactor: <_IocpProactor overlapped#=0 result#=0>)...
2026-02-19 20:25:24,325 [DEBUG] [Dummy-3] [qasync._windows._EventWorker/_windows.py:195]: Thread started
2026-02-19 20:25:24,327 [DEBUG] [MainThread] [qasync._windows._EventPoller/_windows.py:220]: Stopping worker thread...
2026-02-19 20:25:24,350 [DEBUG] [Dummy-3] [qasync._windows._EventWorker/_windows.py:204]: Exiting thread
2026-02-19 20:25:24,350 [DEBUG] [MainThread] [qasync._windows._EventPoller/_windows.py:215]: Starting (proactor: <_IocpProactor overlapped#=0 result#=0>)...
2026-02-19 20:25:24,351 [DEBUG] [Dummy-4] [qasync._windows._EventWorker/_windows.py:195]: Thread started
2026-02-19 20:25:24,351 [DEBUG] [MainThread] [qasync._windows._EventPoller/_windows.py:220]: Stopping worker thread...
2026-02-19 20:25:24,365 [DEBUG] [Dummy-4] [qasync._windows._EventWorker/_windows.py:204]: Exiting thread
2026-02-19 20:25:24,365 [DEBUG] [MainThread] [qasync._windows._EventPoller/_windows.py:215]: Starting (proactor: <_IocpProactor overlapped#=0 result#=0>)...
2026-02-19 20:25:24,366 [DEBUG] [Dummy-5] [qasync._windows._EventWorker/_windows.py:195]: Thread started
2026-02-19 20:25:24,366 [DEBUG] [MainThread] [qasync._windows._EventPoller/_windows.py:220]: Stopping worker thread...
2026-02-19 20:25:24,380 [DEBUG] [Dummy-5] [qasync._windows._EventWorker/_windows.py:204]: Exiting thread
2026-02-19 20:25:24,381 [DEBUG] [MainThread] [qasync._windows._IocpProactor/_windows.py:78]: Closing
2026-02-19 20:25:24,381 [ERROR] [MainThread] [root/main.py:181]: Exception during application startup
Traceback (most recent call last):
  File "main.py", line 179, in <module>
  File "main.py", line 92, in main
  File "C:\hostedtoolcache\windows\Python\3.14.2\x64\Lib\asyncio\runners.py", line 204, in run
  File "C:\hostedtoolcache\windows\Python\3.14.2\x64\Lib\asyncio\runners.py", line 127, in run
  File "D:\a\yasb\yasb\venv\Lib\site-packages\qasync\__init__.py", line 438, in run_until_complete
  File "main.py", line 115, in main_async
  File "D:\a\yasb\yasb\src\core\config.py", line 164, in get_config_and_stylesheet
  File "D:\a\yasb\yasb\src\core\config.py", line 104, in get_config
  File "D:\a\yasb\yasb\venv\Lib\site-packages\yaml\__init__.py", line 125, in safe_load
  File "D:\a\yasb\yasb\venv\Lib\site-packages\yaml\__init__.py", line 81, in load
  File "D:\a\yasb\yasb\venv\Lib\site-packages\yaml\constructor.py", line 49, in get_single_data
  File "D:\a\yasb\yasb\venv\Lib\site-packages\yaml\composer.py", line 36, in get_single_node
  File "D:\a\yasb\yasb\venv\Lib\site-packages\yaml\composer.py", line 55, in compose_document
  File "D:\a\yasb\yasb\venv\Lib\site-packages\yaml\composer.py", line 84, in compose_node
  File "D:\a\yasb\yasb\venv\Lib\site-packages\yaml\composer.py", line 133, in compose_mapping_node
  File "D:\a\yasb\yasb\venv\Lib\site-packages\yaml\composer.py", line 84, in compose_node
  File "D:\a\yasb\yasb\venv\Lib\site-packages\yaml\composer.py", line 133, in compose_mapping_node
  File "D:\a\yasb\yasb\venv\Lib\site-packages\yaml\composer.py", line 64, in compose_node
  File "D:\a\yasb\yasb\venv\Lib\site-packages\yaml\parser.py", line 98, in check_event
  File "D:\a\yasb\yasb\venv\Lib\site-packages\yaml\parser.py", line 449, in parse_block_mapping_value
  File "D:\a\yasb\yasb\venv\Lib\site-packages\yaml\scanner.py", line 116, in check_token
  File "D:\a\yasb\yasb\venv\Lib\site-packages\yaml\scanner.py", line 251, in fetch_more_tokens
  File "D:\a\yasb\yasb\venv\Lib\site-packages\yaml\scanner.py", line 655, in fetch_double
  File "D:\a\yasb\yasb\venv\Lib\site-packages\yaml\scanner.py", line 666, in fetch_flow_scalar
  File "D:\a\yasb\yasb\venv\Lib\site-packages\yaml\scanner.py", line 1152, in scan_flow_scalar
  File "D:\a\yasb\yasb\venv\Lib\site-packages\yaml\scanner.py", line 1213, in scan_flow_scalar_non_spaces
yaml.scanner.ScannerError: while scanning a double-quoted scalar
  in "C:\Users\vcard\.config\yasb\config.yaml", line 8, column 18
expected escape sequence of 8 hexadecimal numbers, but found 's'
  in "C:\Users\vcard\.config\yasb\config.yaml", line 8, column 49
2026-02-19 20:27:01,972 [INFO] [MainThread] [root/log.py:95]: YASB v1.8.9
2026-02-19 20:27:01,973 [INFO] [CLIPipeServer] [cli_server/cli_server.py:215]: CLI server started v1.1.5
2026-02-19 20:27:01,973 [INFO] [MainThread] [cli_server/cli_server.py:106]: Log pipe server started
2026-02-19 20:27:01,987 [DEBUG] [MainThread] [qasync._windows._EventPoller/_windows.py:215]: Starting (proactor: <_IocpProactor overlapped#=0 result#=0>)...
2026-02-19 20:27:01,988 [DEBUG] [Dummy-3] [qasync._windows._EventWorker/_windows.py:195]: Thread started
2026-02-19 20:27:01,990 [DEBUG] [MainThread] [qasync._windows._EventPoller/_windows.py:220]: Stopping worker thread...
2026-02-19 20:27:01,998 [DEBUG] [Dummy-3] [qasync._windows._EventWorker/_windows.py:204]: Exiting thread
2026-02-19 20:27:02,000 [DEBUG] [MainThread] [qasync._windows._EventPoller/_windows.py:215]: Starting (proactor: <_IocpProactor overlapped#=0 result#=0>)...
2026-02-19 20:27:02,000 [DEBUG] [Dummy-4] [qasync._windows._EventWorker/_windows.py:195]: Thread started
2026-02-19 20:27:02,000 [DEBUG] [MainThread] [qasync._windows._EventPoller/_windows.py:220]: Stopping worker thread...
2026-02-19 20:27:02,014 [DEBUG] [Dummy-4] [qasync._windows._EventWorker/_windows.py:204]: Exiting thread
2026-02-19 20:27:02,015 [DEBUG] [MainThread] [qasync._windows._EventPoller/_windows.py:215]: Starting (proactor: <_IocpProactor overlapped#=0 result#=0>)...
2026-02-19 20:27:02,015 [DEBUG] [Dummy-5] [qasync._windows._EventWorker/_windows.py:195]: Thread started
2026-02-19 20:27:02,016 [DEBUG] [MainThread] [qasync._windows._EventPoller/_windows.py:220]: Stopping worker thread...
2026-02-19 20:27:02,029 [DEBUG] [Dummy-5] [qasync._windows._EventWorker/_windows.py:204]: Exiting thread
2026-02-19 20:27:02,031 [DEBUG] [MainThread] [qasync._windows._IocpProactor/_windows.py:78]: Closing
2026-02-19 20:27:02,031 [ERROR] [MainThread] [root/main.py:181]: Exception during application startup
Traceback (most recent call last):
  File "main.py", line 179, in <module>
  File "main.py", line 92, in main
  File "C:\hostedtoolcache\windows\Python\3.14.2\x64\Lib\asyncio\runners.py", line 204, in run
  File "C:\hostedtoolcache\windows\Python\3.14.2\x64\Lib\asyncio\runners.py", line 127, in run
  File "D:\a\yasb\yasb\venv\Lib\site-packages\qasync\__init__.py", line 438, in run_until_complete
  File "main.py", line 115, in main_async
  File "D:\a\yasb\yasb\src\core\config.py", line 164, in get_config_and_stylesheet
  File "D:\a\yasb\yasb\src\core\config.py", line 104, in get_config
  File "D:\a\yasb\yasb\venv\Lib\site-packages\yaml\__init__.py", line 125, in safe_load
  File "D:\a\yasb\yasb\venv\Lib\site-packages\yaml\__init__.py", line 81, in load
  File "D:\a\yasb\yasb\venv\Lib\site-packages\yaml\constructor.py", line 49, in get_single_data
  File "D:\a\yasb\yasb\venv\Lib\site-packages\yaml\composer.py", line 36, in get_single_node
  File "D:\a\yasb\yasb\venv\Lib\site-packages\yaml\composer.py", line 55, in compose_document
  File "D:\a\yasb\yasb\venv\Lib\site-packages\yaml\composer.py", line 84, in compose_node
  File "D:\a\yasb\yasb\venv\Lib\site-packages\yaml\composer.py", line 133, in compose_mapping_node
  File "D:\a\yasb\yasb\venv\Lib\site-packages\yaml\composer.py", line 84, in compose_node
  File "D:\a\yasb\yasb\venv\Lib\site-packages\yaml\composer.py", line 133, in compose_mapping_node
  File "D:\a\yasb\yasb\venv\Lib\site-packages\yaml\composer.py", line 64, in compose_node
  File "D:\a\yasb\yasb\venv\Lib\site-packages\yaml\parser.py", line 98, in check_event
  File "D:\a\yasb\yasb\venv\Lib\site-packages\yaml\parser.py", line 449, in parse_block_mapping_value
  File "D:\a\yasb\yasb\venv\Lib\site-packages\yaml\scanner.py", line 116, in check_token
  File "D:\a\yasb\yasb\venv\Lib\site-packages\yaml\scanner.py", line 251, in fetch_more_tokens
  File "D:\a\yasb\yasb\venv\Lib\site-packages\yaml\scanner.py", line 655, in fetch_double
  File "D:\a\yasb\yasb\venv\Lib\site-packages\yaml\scanner.py", line 666, in fetch_flow_scalar
  File "D:\a\yasb\yasb\venv\Lib\site-packages\yaml\scanner.py", line 1152, in scan_flow_scalar
  File "D:\a\yasb\yasb\venv\Lib\site-packages\yaml\scanner.py", line 1213, in scan_flow_scalar_non_spaces
yaml.scanner.ScannerError: while scanning a double-quoted scalar
  in "C:\Users\vcard\.config\yasb\config.yaml", line 8, column 18
expected escape sequence of 8 hexadecimal numbers, but found 's'
  in "C:\Users\vcard\.config\yasb\config.yaml", line 8, column 49
2026-02-19 20:29:51,408 [INFO] [MainThread] [root/log.py:95]: YASB v1.8.9
2026-02-19 20:29:51,408 [INFO] [CLIPipeServer] [cli_server/cli_server.py:215]: CLI server started v1.1.5
2026-02-19 20:29:51,409 [INFO] [MainThread] [cli_server/cli_server.py:106]: Log pipe server started
2026-02-19 20:29:51,485 [DEBUG] [MainThread] [qasync._windows._EventPoller/_windows.py:215]: Starting (proactor: <_IocpProactor overlapped#=0 result#=0>)...
2026-02-19 20:29:51,486 [DEBUG] [Dummy-3] [qasync._windows._EventWorker/_windows.py:195]: Thread started
2026-02-19 20:29:51,499 [DEBUG] [MainThread] [qasync._windows._EventPoller/_windows.py:220]: Stopping worker thread...
2026-02-19 20:29:51,513 [DEBUG] [Dummy-3] [qasync._windows._EventWorker/_windows.py:204]: Exiting thread
2026-02-19 20:29:51,515 [DEBUG] [MainThread] [qasync._windows._EventPoller/_windows.py:215]: Starting (proactor: <_IocpProactor overlapped#=0 result#=0>)...
2026-02-19 20:29:51,516 [DEBUG] [Dummy-4] [qasync._windows._EventWorker/_windows.py:195]: Thread started
2026-02-19 20:29:51,516 [DEBUG] [MainThread] [qasync._windows._EventPoller/_windows.py:220]: Stopping worker thread...
2026-02-19 20:29:51,529 [DEBUG] [Dummy-4] [qasync._windows._EventWorker/_windows.py:204]: Exiting thread
2026-02-19 20:29:51,529 [DEBUG] [MainThread] [qasync._windows._EventPoller/_windows.py:215]: Starting (proactor: <_IocpProactor overlapped#=0 result#=0>)...
2026-02-19 20:29:51,530 [DEBUG] [Dummy-5] [qasync._windows._EventWorker/_windows.py:195]: Thread started
2026-02-19 20:29:51,530 [DEBUG] [MainThread] [qasync._windows._EventPoller/_windows.py:220]: Stopping worker thread...
2026-02-19 20:29:51,544 [DEBUG] [Dummy-5] [qasync._windows._EventWorker/_windows.py:204]: Exiting thread
2026-02-19 20:29:51,545 [DEBUG] [MainThread] [qasync._windows._IocpProactor/_windows.py:78]: Closing
2026-02-19 20:29:51,545 [ERROR] [MainThread] [root/main.py:181]: Exception during application startup
Traceback (most recent call last):
  File "main.py", line 179, in <module>
  File "main.py", line 92, in main
  File "C:\hostedtoolcache\windows\Python\3.14.2\x64\Lib\asyncio\runners.py", line 204, in run
  File "C:\hostedtoolcache\windows\Python\3.14.2\x64\Lib\asyncio\runners.py", line 127, in run
  File "D:\a\yasb\yasb\venv\Lib\site-packages\qasync\__init__.py", line 438, in run_until_complete
  File "main.py", line 115, in main_async
  File "D:\a\yasb\yasb\src\core\config.py", line 164, in get_config_and_stylesheet
  File "D:\a\yasb\yasb\src\core\config.py", line 104, in get_config
  File "D:\a\yasb\yasb\venv\Lib\site-packages\yaml\__init__.py", line 125, in safe_load
  File "D:\a\yasb\yasb\venv\Lib\site-packages\yaml\__init__.py", line 81, in load
  File "D:\a\yasb\yasb\venv\Lib\site-packages\yaml\constructor.py", line 49, in get_single_data
  File "D:\a\yasb\yasb\venv\Lib\site-packages\yaml\composer.py", line 36, in get_single_node
  File "D:\a\yasb\yasb\venv\Lib\site-packages\yaml\composer.py", line 55, in compose_document
  File "D:\a\yasb\yasb\venv\Lib\site-packages\yaml\composer.py", line 84, in compose_node
  File "D:\a\yasb\yasb\venv\Lib\site-packages\yaml\composer.py", line 133, in compose_mapping_node
  File "D:\a\yasb\yasb\venv\Lib\site-packages\yaml\composer.py", line 84, in compose_node
  File "D:\a\yasb\yasb\venv\Lib\site-packages\yaml\composer.py", line 133, in compose_mapping_node
  File "D:\a\yasb\yasb\venv\Lib\site-packages\yaml\composer.py", line 64, in compose_node
  File "D:\a\yasb\yasb\venv\Lib\site-packages\yaml\parser.py", line 98, in check_event
  File "D:\a\yasb\yasb\venv\Lib\site-packages\yaml\parser.py", line 449, in parse_block_mapping_value
  File "D:\a\yasb\yasb\venv\Lib\site-packages\yaml\scanner.py", line 116, in check_token
  File "D:\a\yasb\yasb\venv\Lib\site-packages\yaml\scanner.py", line 251, in fetch_more_tokens
  File "D:\a\yasb\yasb\venv\Lib\site-packages\yaml\scanner.py", line 655, in fetch_double
  File "D:\a\yasb\yasb\venv\Lib\site-packages\yaml\scanner.py", line 666, in fetch_flow_scalar
  File "D:\a\yasb\yasb\venv\Lib\site-packages\yaml\scanner.py", line 1152, in scan_flow_scalar
  File "D:\a\yasb\yasb\venv\Lib\site-packages\yaml\scanner.py", line 1213, in scan_flow_scalar_non_spaces
yaml.scanner.ScannerError: while scanning a double-quoted scalar
  in "C:\Users\vcard\.config\yasb\config.yaml", line 8, column 18
expected escape sequence of 8 hexadecimal numbers, but found 's'
  in "C:\Users\vcard\.config\yasb\config.yaml", line 8, column 49
2026-02-19 20:31:22,054 [INFO] [MainThread] [root/log.py:95]: YASB v1.8.9
2026-02-19 20:31:22,054 [INFO] [CLIPipeServer] [cli_server/cli_server.py:215]: CLI server started v1.1.5
2026-02-19 20:31:22,055 [INFO] [MainThread] [cli_server/cli_server.py:106]: Log pipe server started
2026-02-19 20:31:22,069 [DEBUG] [MainThread] [qasync._windows._EventPoller/_windows.py:215]: Starting (proactor: <_IocpProactor overlapped#=0 result#=0>)...
2026-02-19 20:31:22,070 [DEBUG] [Dummy-3] [qasync._windows._EventWorker/_windows.py:195]: Thread started
2026-02-19 20:31:22,572 [INFO] [MainThread] [root/service.py:41]: AudioInputService starting...
2026-02-19 20:31:22,614 [INFO] [MainThread] [root/service.py:52]: AudioOutputService starting...
2026-02-19 20:31:22,771 [INFO] [MainThread] [root/bar_manager.py:88]: Starting WindowsNotificationEventListener...
2026-02-19 20:31:22,772 [INFO] [MainThread] [root/bar_manager.py:88]: Starting KomorebiEventListener...
2026-02-19 20:31:22,772 [INFO] [MainThread] [root/bar_manager.py:88]: Starting SystemEventListener...
2026-02-19 20:31:22,773 [INFO] [MainThread] [root/watcher.py:65]: Watching directory: c:\users\vcard\.config\yasb
2026-02-19 20:31:22,773 [INFO] [MainThread] [root/watcher.py:104]: Created file watcher
2026-02-19 20:31:23,020 [INFO] [Dummy-8] [root/event_listener.py:51]: Created named pipe yasb-92cd8e18-0dc9-11f1-a028-cc5ef85a4698
2026-02-19 20:31:23,045 [INFO] [MainThread] [root/update_service.py:429]: Background update checker started
2026-02-19 20:31:23,188 [INFO] [MainThread] [root/api.py:69]: Fetching new weather data at 2026-02-19 20:31:23.188343
2026-02-19 20:33:59,622 [INFO] [Dummy-8] [root/event_listener.py:125]: Komorebi connected to named pipe: yasb-92cd8e18-0dc9-11f1-a028-cc5ef85a4698
2026-02-19 20:34:36,814 [DEBUG] [Thread-6] [root/watcher.py:90]: Config file modified: c:\users\vcard\.config\yasb\config.yaml
2026-02-19 20:34:36,831 [INFO] [MainThread] [root/controller.py:15]: Reloading Application because of config change.
2026-02-19 20:34:36,935 [INFO] [MainThread] [cli_server/cli_server.py:114]: Log pipe server stopped
2026-02-19 20:34:36,935 [DEBUG] [MainThread] [cli_server/cli_server.py:209]: CLI server stopped
2026-02-19 20:34:36,939 [INFO] [MainThread] [root/bar_manager.py:79]: Successfully loaded updated config and re-initialised all bars.
2026-02-19 20:34:37,240 [INFO] [MainThread] [root/bar_manager.py:104]: Stopping WindowsNotificationEventListener...
2026-02-19 20:34:37,240 [INFO] [MainThread] [root/bar_manager.py:104]: Stopping KomorebiEventListener...
2026-02-19 20:34:37,240 [INFO] [MainThread] [root/bar_manager.py:104]: Stopping SystemEventListener...
2026-02-19 20:34:37,275 [INFO] [MainThread] [root/log.py:95]: YASB v1.8.9
2026-02-19 20:34:37,276 [INFO] [CLIPipeServer] [cli_server/cli_server.py:215]: CLI server started v1.1.5
2026-02-19 20:34:37,276 [INFO] [MainThread] [cli_server/cli_server.py:106]: Log pipe server started
2026-02-19 20:34:37,276 [INFO] [MainThread] [root/main.py:46]: Waiting for previous YASB instance to exit...
2026-02-19 20:34:37,527 [INFO] [MainThread] [root/main.py:72]: Previous instance exited, continuing startup.
2026-02-19 20:34:37,541 [DEBUG] [MainThread] [qasync._windows._EventPoller/_windows.py:215]: Starting (proactor: <_IocpProactor overlapped#=0 result#=0>)...
2026-02-19 20:34:37,542 [DEBUG] [Dummy-3] [qasync._windows._EventWorker/_windows.py:195]: Thread started
2026-02-19 20:34:37,962 [INFO] [MainThread] [root/service.py:41]: AudioInputService starting...
2026-02-19 20:34:38,003 [INFO] [MainThread] [root/service.py:52]: AudioOutputService starting...
2026-02-19 20:34:38,172 [INFO] [MainThread] [root/bar_manager.py:88]: Starting SystemEventListener...
2026-02-19 20:34:38,173 [INFO] [MainThread] [root/bar_manager.py:88]: Starting WindowsNotificationEventListener...
2026-02-19 20:34:38,173 [INFO] [MainThread] [root/bar_manager.py:88]: Starting KomorebiEventListener...
2026-02-19 20:34:38,174 [INFO] [MainThread] [root/watcher.py:65]: Watching directory: c:\users\vcard\.config\yasb
2026-02-19 20:34:38,174 [INFO] [MainThread] [root/watcher.py:104]: Created file watcher
2026-02-19 20:34:38,261 [INFO] [Dummy-8] [root/event_listener.py:51]: Created named pipe yasb-07456299-0dca-11f1-abb5-cc5ef85a4698
2026-02-19 20:34:38,379 [INFO] [MainThread] [root/update_service.py:429]: Background update checker started
2026-02-19 20:34:38,414 [INFO] [Dummy-8] [root/event_listener.py:125]: Komorebi connected to named pipe: yasb-07456299-0dca-11f1-abb5-cc5ef85a4698
2026-02-19 20:34:38,587 [INFO] [MainThread] [root/api.py:69]: Fetching new weather data at 2026-02-19 20:34:38.587369
2026-02-19 20:35:14,283 [WARNING] [Dummy-8] [root/event_listener.py:82]: Pipe has been ended: (109, 'PeekNamedPipe', 'The pipe has been ended.')
2026-02-19 20:35:14,283 [INFO] [Dummy-8] [root/event_listener.py:92]: Attempting to reconnect to Komorebi...
2026-02-19 20:35:17,290 [INFO] [Dummy-8] [root/event_listener.py:51]: Created named pipe yasb-07456299-0dca-11f1-abb5-cc5ef85a4698
2026-02-19 20:35:17,341 [INFO] [Dummy-8] [root/event_listener.py:125]: Komorebi connected to named pipe: yasb-07456299-0dca-11f1-abb5-cc5ef85a4698
2026-02-19 20:35:26,244 [WARNING] [Dummy-8] [root/event_listener.py:82]: Pipe has been ended: (109, 'PeekNamedPipe', 'The pipe has been ended.')
2026-02-19 20:35:26,244 [INFO] [Dummy-8] [root/event_listener.py:92]: Attempting to reconnect to Komorebi...
2026-02-19 20:35:29,248 [INFO] [Dummy-8] [root/event_listener.py:51]: Created named pipe yasb-07456299-0dca-11f1-abb5-cc5ef85a4698
2026-02-19 20:35:29,297 [INFO] [Dummy-8] [root/event_listener.py:125]: Komorebi connected to named pipe: yasb-07456299-0dca-11f1-abb5-cc5ef85a4698
2026-02-19 20:35:37,348 [WARNING] [Dummy-8] [root/event_listener.py:82]: Pipe has been ended: (109, 'PeekNamedPipe', 'The pipe has been ended.')
2026-02-19 20:35:37,348 [INFO] [Dummy-8] [root/event_listener.py:92]: Attempting to reconnect to Komorebi...
2026-02-19 20:35:40,352 [INFO] [Dummy-8] [root/event_listener.py:51]: Created named pipe yasb-07456299-0dca-11f1-abb5-cc5ef85a4698
2026-02-19 20:35:40,400 [INFO] [Dummy-8] [root/event_listener.py:125]: Komorebi connected to named pipe: yasb-07456299-0dca-11f1-abb5-cc5ef85a4698
2026-02-19 20:37:51,076 [DEBUG] [Thread-6] [root/watcher.py:90]: Config file modified: c:\users\vcard\.config\yasb\config.yaml
2026-02-19 20:37:51,092 [INFO] [MainThread] [root/controller.py:15]: Reloading Application because of config change.
2026-02-19 20:37:51,196 [INFO] [MainThread] [cli_server/cli_server.py:114]: Log pipe server stopped
2026-02-19 20:37:51,196 [DEBUG] [MainThread] [cli_server/cli_server.py:209]: CLI server stopped
2026-02-19 20:37:51,199 [INFO] [MainThread] [root/bar_manager.py:79]: Successfully loaded updated config and re-initialised all bars.
2026-02-19 20:37:51,504 [INFO] [MainThread] [root/bar_manager.py:104]: Stopping SystemEventListener...
2026-02-19 20:37:51,504 [INFO] [MainThread] [root/bar_manager.py:104]: Stopping WindowsNotificationEventListener...
2026-02-19 20:37:51,504 [INFO] [MainThread] [root/bar_manager.py:104]: Stopping KomorebiEventListener...
2026-02-19 20:37:51,528 [INFO] [Dummy-8] [root/event_listener.py:92]: Attempting to reconnect to Komorebi...
2026-02-19 20:37:51,575 [INFO] [MainThread] [root/log.py:95]: YASB v1.8.9
2026-02-19 20:37:51,575 [INFO] [CLIPipeServer] [cli_server/cli_server.py:215]: CLI server started v1.1.5
2026-02-19 20:37:51,575 [INFO] [MainThread] [cli_server/cli_server.py:106]: Log pipe server started
2026-02-19 20:37:51,575 [INFO] [MainThread] [root/main.py:46]: Waiting for previous YASB instance to exit...
2026-02-19 20:37:51,826 [INFO] [MainThread] [root/main.py:72]: Previous instance exited, continuing startup.
2026-02-19 20:37:51,841 [DEBUG] [MainThread] [qasync._windows._EventPoller/_windows.py:215]: Starting (proactor: <_IocpProactor overlapped#=0 result#=0>)...
2026-02-19 20:37:51,841 [DEBUG] [Dummy-3] [qasync._windows._EventWorker/_windows.py:195]: Thread started
2026-02-19 20:37:52,268 [INFO] [MainThread] [root/service.py:41]: AudioInputService starting...
2026-02-19 20:37:52,315 [INFO] [MainThread] [root/service.py:52]: AudioOutputService starting...
2026-02-19 20:37:52,508 [INFO] [MainThread] [root/bar_manager.py:88]: Starting WindowsNotificationEventListener...
2026-02-19 20:37:52,509 [INFO] [MainThread] [root/bar_manager.py:88]: Starting KomorebiEventListener...
2026-02-19 20:37:52,509 [INFO] [MainThread] [root/bar_manager.py:88]: Starting SystemEventListener...
2026-02-19 20:37:52,510 [INFO] [MainThread] [root/watcher.py:65]: Watching directory: c:\users\vcard\.config\yasb
2026-02-19 20:37:52,510 [INFO] [MainThread] [root/watcher.py:104]: Created file watcher
2026-02-19 20:37:52,688 [INFO] [Dummy-8] [root/event_listener.py:51]: Created named pipe yasb-7b1aa005-0dca-11f1-a65a-cc5ef85a4698
2026-02-19 20:37:52,748 [INFO] [MainThread] [root/update_service.py:429]: Background update checker started
2026-02-19 20:37:52,953 [INFO] [Dummy-8] [root/event_listener.py:125]: Komorebi connected to named pipe: yasb-7b1aa005-0dca-11f1-a65a-cc5ef85a4698
2026-02-19 20:37:52,958 [INFO] [MainThread] [root/api.py:69]: Fetching new weather data at 2026-02-19 20:37:52.958154
2026-02-19 20:41:00,812 [INFO] [MainThread] [root/bar_manager.py:104]: Stopping WindowsNotificationEventListener...
2026-02-19 20:41:00,813 [INFO] [MainThread] [root/bar_manager.py:104]: Stopping KomorebiEventListener...
2026-02-19 20:41:00,813 [INFO] [MainThread] [root/bar_manager.py:104]: Stopping SystemEventListener...
2026-02-19 20:41:00,829 [INFO] [Dummy-8] [root/event_listener.py:92]: Attempting to reconnect to Komorebi...
2026-02-19 20:41:54,234 [INFO] [MainThread] [root/log.py:95]: YASB v1.8.9
2026-02-19 20:41:54,234 [INFO] [CLIPipeServer] [cli_server/cli_server.py:215]: CLI server started v1.1.5
2026-02-19 20:41:54,234 [INFO] [MainThread] [cli_server/cli_server.py:106]: Log pipe server started
2026-02-19 20:41:54,248 [DEBUG] [MainThread] [qasync._windows._EventPoller/_windows.py:215]: Starting (proactor: <_IocpProactor overlapped#=0 result#=0>)...
2026-02-19 20:41:54,249 [DEBUG] [Dummy-3] [qasync._windows._EventWorker/_windows.py:195]: Thread started
2026-02-19 20:41:54,763 [INFO] [MainThread] [root/service.py:41]: AudioInputService starting...
2026-02-19 20:41:54,813 [INFO] [MainThread] [root/service.py:52]: AudioOutputService starting...
2026-02-19 20:41:54,975 [INFO] [MainThread] [root/bar_manager.py:88]: Starting WindowsNotificationEventListener...
2026-02-19 20:41:54,976 [INFO] [MainThread] [root/bar_manager.py:88]: Starting KomorebiEventListener...
2026-02-19 20:41:54,976 [INFO] [MainThread] [root/bar_manager.py:88]: Starting SystemEventListener...
2026-02-19 20:41:54,977 [INFO] [MainThread] [root/watcher.py:65]: Watching directory: c:\users\vcard\.config\yasb
2026-02-19 20:41:54,977 [INFO] [MainThread] [root/watcher.py:104]: Created file watcher
2026-02-19 20:41:55,026 [INFO] [Dummy-8] [root/event_listener.py:51]: Created named pipe yasb-0ba028fe-0dcb-11f1-92bb-cc5ef85a4698
2026-02-19 20:41:55,050 [INFO] [MainThread] [root/update_service.py:429]: Background update checker started
2026-02-19 20:41:55,313 [INFO] [MainThread] [root/api.py:69]: Fetching new weather data at 2026-02-19 20:41:55.313474
2026-02-19 20:42:10,356 [INFO] [Dummy-8] [root/event_listener.py:125]: Komorebi connected to named pipe: yasb-0ba028fe-0dcb-11f1-92bb-cc5ef85a4698
2026-02-19 20:42:45,522 [WARNING] [Dummy-8] [root/event_listener.py:82]: Pipe has been ended: (109, 'PeekNamedPipe', 'The pipe has been ended.')
2026-02-19 20:42:45,522 [INFO] [Dummy-8] [root/event_listener.py:92]: Attempting to reconnect to Komorebi...
2026-02-19 20:42:48,527 [INFO] [Dummy-8] [root/event_listener.py:51]: Created named pipe yasb-0ba028fe-0dcb-11f1-92bb-cc5ef85a4698
2026-02-19 20:43:42,203 [INFO] [MainThread] [root/bar_manager.py:104]: Stopping WindowsNotificationEventListener...
2026-02-19 20:43:42,203 [INFO] [MainThread] [root/bar_manager.py:104]: Stopping KomorebiEventListener...
2026-02-19 20:43:42,203 [INFO] [MainThread] [root/bar_manager.py:104]: Stopping SystemEventListener...
2026-02-19 20:44:17,608 [INFO] [MainThread] [root/log.py:95]: YASB v1.8.9
2026-02-19 20:44:17,609 [INFO] [CLIPipeServer] [cli_server/cli_server.py:215]: CLI server started v1.1.5
2026-02-19 20:44:17,609 [INFO] [MainThread] [cli_server/cli_server.py:106]: Log pipe server started
2026-02-19 20:44:17,623 [DEBUG] [MainThread] [qasync._windows._EventPoller/_windows.py:215]: Starting (proactor: <_IocpProactor overlapped#=0 result#=0>)...
2026-02-19 20:44:17,624 [DEBUG] [Dummy-3] [qasync._windows._EventWorker/_windows.py:195]: Thread started
2026-02-19 20:44:18,098 [INFO] [MainThread] [root/service.py:41]: AudioInputService starting...
2026-02-19 20:44:18,142 [INFO] [MainThread] [root/service.py:52]: AudioOutputService starting...
2026-02-19 20:44:18,271 [INFO] [MainThread] [root/bar_manager.py:88]: Starting KomorebiEventListener...
2026-02-19 20:44:18,271 [INFO] [MainThread] [root/bar_manager.py:88]: Starting WindowsNotificationEventListener...
2026-02-19 20:44:18,272 [INFO] [MainThread] [root/bar_manager.py:88]: Starting SystemEventListener...
2026-02-19 20:44:18,273 [INFO] [MainThread] [root/watcher.py:65]: Watching directory: c:\users\vcard\.config\yasb
2026-02-19 20:44:18,273 [INFO] [MainThread] [root/watcher.py:104]: Created file watcher
2026-02-19 20:44:18,307 [INFO] [Dummy-8] [root/event_listener.py:51]: Created named pipe yasb-61094b1d-0dcb-11f1-a5ff-cc5ef85a4698
2026-02-19 20:44:18,330 [INFO] [MainThread] [root/update_service.py:429]: Background update checker started
2026-02-19 20:44:18,724 [INFO] [MainThread] [root/api.py:69]: Fetching new weather data at 2026-02-19 20:44:18.724137
2026-02-19 20:44:33,638 [INFO] [Dummy-8] [root/event_listener.py:125]: Komorebi connected to named pipe: yasb-61094b1d-0dcb-11f1-a5ff-cc5ef85a4698
2026-02-19 20:54:18,117 [INFO] [MainThread] [root/api.py:69]: Fetching new weather data at 2026-02-19 20:54:18.117879
2026-02-19 20:58:44,283 [DEBUG] [Thread-6] [root/watcher.py:90]: Config file modified: c:\users\vcard\.config\yasb\config.yaml
2026-02-19 20:58:52,233 [DEBUG] [Thread-6] [root/watcher.py:90]: Config file modified: c:\users\vcard\.config\yasb\config.yaml
2026-02-19 20:58:52,249 [INFO] [MainThread] [root/controller.py:15]: Reloading Application because of config change.
2026-02-19 20:58:52,363 [INFO] [MainThread] [cli_server/cli_server.py:114]: Log pipe server stopped
2026-02-19 20:58:52,363 [DEBUG] [MainThread] [cli_server/cli_server.py:209]: CLI server stopped
2026-02-19 20:58:52,368 [INFO] [MainThread] [root/bar_manager.py:79]: Successfully loaded updated config and re-initialised all bars.
2026-02-19 20:58:52,753 [INFO] [MainThread] [root/bar_manager.py:104]: Stopping KomorebiEventListener...
2026-02-19 20:58:52,753 [INFO] [MainThread] [root/bar_manager.py:104]: Stopping WindowsNotificationEventListener...
2026-02-19 20:58:52,753 [INFO] [MainThread] [root/bar_manager.py:104]: Stopping SystemEventListener...
2026-02-19 20:58:52,767 [INFO] [MainThread] [root/log.py:95]: YASB v1.8.9
2026-02-19 20:58:52,768 [INFO] [CLIPipeServer] [cli_server/cli_server.py:215]: CLI server started v1.1.5
2026-02-19 20:58:52,768 [INFO] [MainThread] [cli_server/cli_server.py:106]: Log pipe server started
2026-02-19 20:58:52,768 [INFO] [MainThread] [root/main.py:46]: Waiting for previous YASB instance to exit...
2026-02-19 20:58:52,788 [INFO] [Dummy-8] [root/event_listener.py:92]: Attempting to reconnect to Komorebi...
2026-02-19 20:58:53,268 [INFO] [MainThread] [root/main.py:72]: Previous instance exited, continuing startup.
2026-02-19 20:58:53,283 [DEBUG] [MainThread] [qasync._windows._EventPoller/_windows.py:215]: Starting (proactor: <_IocpProactor overlapped#=0 result#=0>)...
2026-02-19 20:58:53,284 [DEBUG] [Dummy-3] [qasync._windows._EventWorker/_windows.py:195]: Thread started
2026-02-19 20:58:53,735 [INFO] [MainThread] [root/service.py:41]: AudioInputService starting...
2026-02-19 20:58:53,779 [INFO] [MainThread] [root/service.py:52]: AudioOutputService starting...
2026-02-19 20:58:54,116 [INFO] [MainThread] [root/bar_manager.py:88]: Starting KomorebiEventListener...
2026-02-19 20:58:54,116 [INFO] [MainThread] [root/bar_manager.py:88]: Starting WindowsNotificationEventListener...
2026-02-19 20:58:54,117 [INFO] [MainThread] [root/bar_manager.py:88]: Starting SystemEventListener...
2026-02-19 20:58:54,118 [INFO] [MainThread] [root/watcher.py:65]: Watching directory: c:\users\vcard\.config\yasb
2026-02-19 20:58:54,119 [INFO] [MainThread] [root/watcher.py:104]: Created file watcher
2026-02-19 20:58:54,156 [INFO] [Dummy-8] [root/event_listener.py:51]: Created named pipe yasb-6b14a284-0dcd-11f1-83ae-cc5ef85a4698
2026-02-19 20:58:54,185 [INFO] [MainThread] [root/update_service.py:429]: Background update checker started
2026-02-19 20:58:54,387 [INFO] [Dummy-8] [root/event_listener.py:125]: Komorebi connected to named pipe: yasb-6b14a284-0dcd-11f1-83ae-cc5ef85a4698
2026-02-19 20:58:54,755 [INFO] [MainThread] [root/api.py:69]: Fetching new weather data at 2026-02-19 20:58:54.755287
2026-02-19 20:59:02,289 [WARNING] [Dummy-8] [root/event_listener.py:82]: Pipe has been ended: (109, 'PeekNamedPipe', 'The pipe has been ended.')
2026-02-19 20:59:02,289 [INFO] [Dummy-8] [root/event_listener.py:92]: Attempting to reconnect to Komorebi...
2026-02-19 20:59:05,295 [INFO] [Dummy-8] [root/event_listener.py:51]: Created named pipe yasb-6b14a284-0dcd-11f1-83ae-cc5ef85a4698
2026-02-19 20:59:57,173 [INFO] [MainThread] [root/controller.py:37]: Exiting Application...
2026-02-19 20:59:57,287 [INFO] [MainThread] [cli_server/cli_server.py:114]: Log pipe server stopped
2026-02-19 20:59:57,287 [DEBUG] [MainThread] [cli_server/cli_server.py:209]: CLI server stopped
2026-02-19 20:59:57,625 [INFO] [MainThread] [root/bar_manager.py:104]: Stopping KomorebiEventListener...
2026-02-19 20:59:57,625 [INFO] [MainThread] [root/bar_manager.py:104]: Stopping WindowsNotificationEventListener...
2026-02-19 20:59:57,625 [INFO] [MainThread] [root/bar_manager.py:104]: Stopping SystemEventListener...
2026-02-19 21:00:36,338 [INFO] [MainThread] [root/log.py:95]: YASB v1.8.9
2026-02-19 21:00:36,338 [INFO] [CLIPipeServer] [cli_server/cli_server.py:215]: CLI server started v1.1.5
2026-02-19 21:00:36,338 [INFO] [MainThread] [cli_server/cli_server.py:106]: Log pipe server started
2026-02-19 21:00:36,354 [DEBUG] [MainThread] [qasync._windows._EventPoller/_windows.py:215]: Starting (proactor: <_IocpProactor overlapped#=0 result#=0>)...
2026-02-19 21:00:36,355 [DEBUG] [Dummy-3] [qasync._windows._EventWorker/_windows.py:195]: Thread started
2026-02-19 21:00:36,819 [INFO] [MainThread] [root/service.py:41]: AudioInputService starting...
2026-02-19 21:00:36,865 [INFO] [MainThread] [root/service.py:52]: AudioOutputService starting...
2026-02-19 21:00:37,176 [INFO] [MainThread] [root/bar_manager.py:88]: Starting WindowsNotificationEventListener...
2026-02-19 21:00:37,177 [INFO] [MainThread] [root/bar_manager.py:88]: Starting SystemEventListener...
2026-02-19 21:00:37,177 [INFO] [MainThread] [root/bar_manager.py:88]: Starting KomorebiEventListener...
2026-02-19 21:00:37,178 [INFO] [MainThread] [root/watcher.py:65]: Watching directory: c:\users\vcard\.config\yasb
2026-02-19 21:00:37,179 [INFO] [MainThread] [root/watcher.py:104]: Created file watcher
2026-02-19 21:00:37,179 [INFO] [Dummy-8] [root/event_listener.py:51]: Created named pipe yasb-a88283bd-0dcd-11f1-8b88-cc5ef85a4698
2026-02-19 21:00:37,256 [INFO] [MainThread] [root/update_service.py:429]: Background update checker started
2026-02-19 21:00:38,405 [INFO] [MainThread] [root/api.py:69]: Fetching new weather data at 2026-02-19 21:00:38.405281
2026-02-19 21:00:52,461 [INFO] [Dummy-8] [root/event_listener.py:125]: Komorebi connected to named pipe: yasb-a88283bd-0dcd-11f1-8b88-cc5ef85a4698
2026-02-19 21:02:49,264 [INFO] [MainThread] [root/controller.py:37]: Exiting Application...
2026-02-19 21:02:49,369 [INFO] [MainThread] [cli_server/cli_server.py:114]: Log pipe server stopped
2026-02-19 21:02:49,369 [DEBUG] [MainThread] [cli_server/cli_server.py:209]: CLI server stopped
2026-02-19 21:02:49,759 [INFO] [MainThread] [root/bar_manager.py:104]: Stopping WindowsNotificationEventListener...
2026-02-19 21:02:49,759 [INFO] [MainThread] [root/bar_manager.py:104]: Stopping SystemEventListener...
2026-02-19 21:02:49,759 [INFO] [MainThread] [root/bar_manager.py:104]: Stopping KomorebiEventListener...
2026-02-19 21:02:49,810 [INFO] [Dummy-8] [root/event_listener.py:92]: Attempting to reconnect to Komorebi...
2026-02-19 21:03:33,641 [INFO] [MainThread] [root/log.py:95]: YASB v1.8.9
2026-02-19 21:03:33,642 [INFO] [CLIPipeServer] [cli_server/cli_server.py:215]: CLI server started v1.1.5
2026-02-19 21:03:33,642 [INFO] [MainThread] [cli_server/cli_server.py:106]: Log pipe server started
2026-02-19 21:03:33,655 [DEBUG] [MainThread] [qasync._windows._EventPoller/_windows.py:215]: Starting (proactor: <_IocpProactor overlapped#=0 result#=0>)...
2026-02-19 21:03:33,656 [DEBUG] [Dummy-3] [qasync._windows._EventWorker/_windows.py:195]: Thread started
2026-02-19 21:03:34,106 [INFO] [MainThread] [root/service.py:41]: AudioInputService starting...
2026-02-19 21:03:34,146 [INFO] [MainThread] [root/service.py:52]: AudioOutputService starting...
2026-02-19 21:03:34,478 [INFO] [MainThread] [root/bar_manager.py:88]: Starting SystemEventListener...
2026-02-19 21:03:34,478 [INFO] [MainThread] [root/bar_manager.py:88]: Starting WindowsNotificationEventListener...
2026-02-19 21:03:34,480 [INFO] [MainThread] [root/bar_manager.py:88]: Starting KomorebiEventListener...
2026-02-19 21:03:34,481 [INFO] [MainThread] [root/watcher.py:65]: Watching directory: c:\users\vcard\.config\yasb
2026-02-19 21:03:34,481 [INFO] [MainThread] [root/watcher.py:104]: Created file watcher
2026-02-19 21:03:34,537 [INFO] [Dummy-8] [root/event_listener.py:51]: Created named pipe yasb-1230bdcd-0dce-11f1-9c86-cc5ef85a4698
2026-02-19 21:03:34,562 [INFO] [MainThread] [root/update_service.py:429]: Background update checker started
2026-02-19 21:03:34,808 [INFO] [MainThread] [root/api.py:69]: Fetching new weather data at 2026-02-19 21:03:34.808509
2026-02-19 21:03:44,808 [INFO] [Dummy-8] [root/event_listener.py:125]: Komorebi connected to named pipe: yasb-1230bdcd-0dce-11f1-9c86-cc5ef85a4698
2026-02-19 21:13:34,132 [INFO] [MainThread] [root/api.py:69]: Fetching new weather data at 2026-02-19 21:13:34.132289
2026-02-19 21:23:34,150 [INFO] [MainThread] [root/api.py:69]: Fetching new weather data at 2026-02-19 21:23:34.150003
2026-02-19 21:33:34,127 [INFO] [MainThread] [root/api.py:69]: Fetching new weather data at 2026-02-19 21:33:34.127181
2026-02-19 21:43:34,146 [INFO] [MainThread] [root/api.py:69]: Fetching new weather data at 2026-02-19 21:43:34.146760
2026-02-19 21:53:34,141 [INFO] [MainThread] [root/api.py:69]: Fetching new weather data at 2026-02-19 21:53:34.141402
2026-02-19 22:03:34,434 [INFO] [MainThread] [root/api.py:69]: Fetching new weather data at 2026-02-19 22:03:34.434183
2026-02-19 22:08:37,886 [INFO] [MainThread] [root/bar_manager.py:83]: Screens updated. Re-initialising all bars.
2026-02-19 22:08:37,886 [INFO] [MainThread] [root/controller.py:15]: Reloading Application because of screen update.
2026-02-19 22:08:37,999 [INFO] [MainThread] [cli_server/cli_server.py:114]: Log pipe server stopped
2026-02-19 22:08:37,999 [DEBUG] [MainThread] [cli_server/cli_server.py:209]: CLI server stopped
2026-02-19 22:08:38,343 [INFO] [MainThread] [root/log.py:95]: YASB v1.8.9
2026-02-19 22:08:38,344 [INFO] [CLIPipeServer] [cli_server/cli_server.py:215]: CLI server started v1.1.5
2026-02-19 22:08:38,344 [INFO] [MainThread] [cli_server/cli_server.py:106]: Log pipe server started
2026-02-19 22:08:38,344 [INFO] [MainThread] [root/main.py:46]: Waiting for previous YASB instance to exit...
2026-02-19 22:08:39,892 [INFO] [MainThread] [root/bar_manager.py:104]: Stopping SystemEventListener...
2026-02-19 22:08:39,892 [INFO] [MainThread] [root/bar_manager.py:104]: Stopping WindowsNotificationEventListener...
2026-02-19 22:08:39,892 [INFO] [MainThread] [root/bar_manager.py:104]: Stopping KomorebiEventListener...
2026-02-19 22:08:39,893 [INFO] [Dummy-8] [root/event_listener.py:92]: Attempting to reconnect to Komorebi...
2026-02-19 22:08:40,098 [INFO] [MainThread] [root/main.py:72]: Previous instance exited, continuing startup.
2026-02-19 22:08:40,116 [DEBUG] [MainThread] [qasync._windows._EventPoller/_windows.py:215]: Starting (proactor: <_IocpProactor overlapped#=0 result#=0>)...
2026-02-19 22:08:40,117 [DEBUG] [Dummy-3] [qasync._windows._EventWorker/_windows.py:195]: Thread started
2026-02-19 22:08:40,698 [INFO] [MainThread] [root/service.py:41]: AudioInputService starting...
2026-02-19 22:08:40,744 [INFO] [MainThread] [root/service.py:52]: AudioOutputService starting...
2026-02-19 22:08:40,915 [INFO] [MainThread] [root/bar_manager.py:88]: Starting KomorebiEventListener...
2026-02-19 22:08:40,915 [INFO] [MainThread] [root/bar_manager.py:88]: Starting WindowsNotificationEventListener...
2026-02-19 22:08:40,915 [INFO] [Dummy-6] [root/event_listener.py:51]: Created named pipe yasb-2a9b6870-0dd7-11f1-b9d6-cc5ef85a4698
2026-02-19 22:08:40,916 [INFO] [MainThread] [root/bar_manager.py:88]: Starting SystemEventListener...
2026-02-19 22:08:40,918 [INFO] [MainThread] [root/watcher.py:65]: Watching directory: c:\users\vcard\.config\yasb
2026-02-19 22:08:40,918 [INFO] [MainThread] [root/watcher.py:104]: Created file watcher
2026-02-19 22:08:41,064 [INFO] [MainThread] [root/update_service.py:429]: Background update checker started
2026-02-19 22:08:41,219 [INFO] [Dummy-6] [root/event_listener.py:125]: Komorebi connected to named pipe: yasb-2a9b6870-0dd7-11f1-b9d6-cc5ef85a4698
2026-02-19 22:08:41,250 [INFO] [MainThread] [root/api.py:69]: Fetching new weather data at 2026-02-19 22:08:41.250105
2026-02-19 22:10:24,460 [DEBUG] [MainThread] [root/utilities.py:205]: Failed to get version info for C:\Program Files\komorebi\bin\komorebi.exe: (1813, 'GetFileVersionInfo:GetFileVersionInfoSize', 'The specified resource type cannot be found in the image file.')
2026-02-19 22:18:40,722 [INFO] [MainThread] [root/api.py:69]: Fetching new weather data at 2026-02-19 22:18:40.722854
2026-02-19 22:28:40,738 [INFO] [MainThread] [root/api.py:69]: Fetching new weather data at 2026-02-19 22:28:40.738075
2026-02-19 22:30:16,367 [DEBUG] [Thread-7] [root/watcher.py:90]: Config file modified: c:\users\vcard\.config\yasb\config.yaml
2026-02-19 22:30:16,393 [INFO] [MainThread] [root/controller.py:15]: Reloading Application because of config change.
2026-02-19 22:30:16,498 [INFO] [MainThread] [cli_server/cli_server.py:114]: Log pipe server stopped
2026-02-19 22:30:16,499 [DEBUG] [MainThread] [cli_server/cli_server.py:209]: CLI server stopped
2026-02-19 22:30:16,502 [INFO] [MainThread] [root/bar_manager.py:79]: Successfully loaded updated config and re-initialised all bars.
2026-02-19 22:30:16,821 [INFO] [MainThread] [root/bar_manager.py:104]: Stopping KomorebiEventListener...
2026-02-19 22:30:16,821 [INFO] [MainThread] [root/bar_manager.py:104]: Stopping WindowsNotificationEventListener...
2026-02-19 22:30:16,821 [INFO] [MainThread] [root/bar_manager.py:104]: Stopping SystemEventListener...
2026-02-19 22:30:16,841 [INFO] [MainThread] [root/log.py:95]: YASB v1.8.9
2026-02-19 22:30:16,841 [INFO] [CLIPipeServer] [cli_server/cli_server.py:215]: CLI server started v1.1.5
2026-02-19 22:30:16,841 [INFO] [MainThread] [cli_server/cli_server.py:106]: Log pipe server started
2026-02-19 22:30:16,842 [INFO] [MainThread] [root/main.py:46]: Waiting for previous YASB instance to exit...
2026-02-19 22:30:16,871 [INFO] [Dummy-6] [root/event_listener.py:92]: Attempting to reconnect to Komorebi...
2026-02-19 22:30:17,092 [INFO] [MainThread] [root/main.py:72]: Previous instance exited, continuing startup.
2026-02-19 22:30:17,119 [DEBUG] [MainThread] [qasync._windows._EventPoller/_windows.py:215]: Starting (proactor: <_IocpProactor overlapped#=0 result#=0>)...
2026-02-19 22:30:17,119 [DEBUG] [Dummy-3] [qasync._windows._EventWorker/_windows.py:195]: Thread started
2026-02-19 22:30:17,562 [INFO] [MainThread] [root/service.py:41]: AudioInputService starting...
2026-02-19 22:30:17,602 [INFO] [MainThread] [root/service.py:52]: AudioOutputService starting...
2026-02-19 22:30:17,747 [INFO] [MainThread] [root/bar_manager.py:88]: Starting WindowsNotificationEventListener...
2026-02-19 22:30:17,748 [INFO] [MainThread] [root/bar_manager.py:88]: Starting KomorebiEventListener...
2026-02-19 22:30:17,748 [INFO] [MainThread] [root/bar_manager.py:88]: Starting SystemEventListener...
2026-02-19 22:30:17,749 [INFO] [MainThread] [root/watcher.py:65]: Watching directory: c:\users\vcard\.config\yasb
2026-02-19 22:30:17,749 [INFO] [MainThread] [root/watcher.py:104]: Created file watcher
2026-02-19 22:30:17,750 [INFO] [Dummy-8] [root/event_listener.py:51]: Created named pipe yasb-2f9463a5-0dda-11f1-b959-cc5ef85a4698
2026-02-19 22:30:17,824 [INFO] [MainThread] [root/update_service.py:429]: Background update checker started
2026-02-19 22:30:17,989 [INFO] [Dummy-8] [root/event_listener.py:125]: Komorebi connected to named pipe: yasb-2f9463a5-0dda-11f1-b959-cc5ef85a4698
2026-02-19 22:30:18,326 [INFO] [MainThread] [root/api.py:69]: Fetching new weather data at 2026-02-19 22:30:18.326472
2026-02-19 22:40:17,604 [INFO] [MainThread] [root/api.py:69]: Fetching new weather data at 2026-02-19 22:40:17.603984
